[2015-10-19 21:18:50,546 hazard job #45 - PROGRESS MainProcess/12121] **  pre_executing (hazard)
[2015-10-19 21:18:50,747 hazard job #45 - PROGRESS MainProcess/12121] **  initializing sites
[2015-10-19 21:18:50,763 hazard job #45 - PROGRESS MainProcess/12121] **  initializing site collection
[2015-10-19 21:18:50,789 hazard job #45 - PROGRESS MainProcess/12121] **  initializing sources
[2015-10-19 21:18:50,905 hazard job #45 - WARNING MainProcess/12121] Processing 12 slow sources...
[2015-10-19 21:18:50,922 hazard job #45 - INFO MainProcess/12121] Submitting task filter_and_split #1
[2015-10-19 21:18:50,951 hazard job #45 - INFO MainProcess/12121] Submitting task filter_and_split #2
[2015-10-19 21:18:50,966 hazard job #45 - INFO MainProcess/12121] Submitting task filter_and_split #3
[2015-10-19 21:18:50,981 hazard job #45 - INFO MainProcess/12121] Submitting task filter_and_split #4
[2015-10-19 21:18:50,989 hazard job #45 - INFO MainProcess/12121] Submitting task filter_and_split #5
[2015-10-19 21:18:50,999 hazard job #45 - INFO MainProcess/12121] Submitting task filter_and_split #6
[2015-10-19 21:18:51,014 hazard job #45 - INFO MainProcess/12121] Submitting task filter_and_split #7
[2015-10-19 21:18:51,022 hazard job #45 - INFO MainProcess/12121] Submitting task filter_and_split #8
[2015-10-19 21:18:51,031 hazard job #45 - INFO MainProcess/12121] Submitting task filter_and_split #9
[2015-10-19 21:18:51,039 hazard job #45 - INFO MainProcess/12121] Submitting task filter_and_split #10
[2015-10-19 21:18:51,047 hazard job #45 - INFO MainProcess/12121] Submitting task filter_and_split #11
[2015-10-19 21:18:51,089 hazard job #45 - INFO MainProcess/12121] Submitting task filter_and_split #12
[2015-10-19 21:18:51,097 hazard job #45 - INFO MainProcess/12121] Processing 3 fast sources...
[2015-10-19 21:18:52,273 hazard job #45 - INFO MainProcess/12121] Sent 73.05 KB of data
[2015-10-19 21:18:52,314 hazard job #45 - INFO MainProcess/12121] filter_and_split   8%
[2015-10-19 21:18:52,335 hazard job #45 - INFO MainProcess/12121] filter_and_split  16%
[2015-10-19 21:18:52,376 hazard job #45 - INFO MainProcess/12121] filter_and_split  25%
[2015-10-19 21:18:53,765 hazard job #45 - INFO MainProcess/12121] filter_and_split  33%
[2015-10-19 21:18:53,925 hazard job #45 - INFO MainProcess/12121] filter_and_split  41%
[2015-10-19 21:18:54,575 hazard job #45 - INFO MainProcess/12121] filter_and_split  50%
[2015-10-19 21:18:54,904 hazard job #45 - INFO MainProcess/12121] filter_and_split  58%
[2015-10-19 21:18:56,608 hazard job #45 - INFO MainProcess/12121] filter_and_split  66%
[2015-10-19 21:18:57,098 hazard job #45 - INFO MainProcess/12121] filter_and_split  75%
[2015-10-19 21:18:57,339 hazard job #45 - INFO MainProcess/12121] filter_and_split  83%
[2015-10-19 21:19:09,815 hazard job #45 - INFO MainProcess/12121] filter_and_split  91%
[2015-10-19 21:19:34,301 hazard job #45 - INFO MainProcess/12121] filter_and_split 100%
[2015-10-19 21:19:34,920 hazard job #45 - INFO MainProcess/12121] Received 1.74 GB of data
[2015-10-19 21:19:42,151 hazard job #45 - PROGRESS MainProcess/12121] **  executing (hazard)
[2015-10-19 21:19:43,029 hazard job #45 - CRITICAL MainProcess/12121] Traceback (most recent call last):
  File "/home/nick/src/python/GEM/oq-engine/openquake/engine/engine.py", line 218, in run_calc
    _do_run_calc(calculator, exports)
  File "/home/nick/src/python/GEM/oq-engine/openquake/engine/engine.py", line 257, in _do_run_calc
    result = calc.execute()
  File "/home/nick/src/python/GEM/oq-engine/openquake/engine/performance.py", line 34, in newmeth
    return method(self, *args)
  File "/home/nick/src/python/GEM/oq-engine/openquake/engine/calculators/hazard/general.py", line 114, in execute
    concurrent_tasks=self.concurrent_tasks)
  File "/home/nick/src/python/GEM/oq-risklib/openquake/commonlib/parallel.py", line 290, in apply_reduce
    acc = agg(acc, task_func(chunk, *args))
  File "/home/nick/src/python/GEM/oq-engine/openquake/engine/calculators/hazard/classical/core.py", line 246, in compute_hazard_curves
    hc.truncation_level, make_ctxt_mon, calc_poes_mon)):
  File "/home/nick/src/python/GEM/oq-engine/openquake/engine/calculators/hazard/classical/core.py", line 178, in _calc_pnes
    sctx, rctx, dctx, imt, levels, truncation_level)
  File "/home/nick/src/python/GEM/oq-hazardlib/openquake/hazardlib/gsim/base.py", line 362, in get_poes
    [const.StdDev.TOTAL])
  File "/home/nick/src/python/GEM/oq-hazardlib/openquake/hazardlib/gsim/abrahamson_2015.py", line 97, in get_mean_and_stddevs
    C = self.COEFFS[imt]
  File "/home/nick/src/python/GEM/oq-hazardlib/openquake/hazardlib/gsim/base.py", line 1011, in __getitem__
    raise KeyError(imt)
KeyError: SA(period=0.01, damping=5.0)

[2015-10-19 21:28:45,387 hazard job #47 - PROGRESS MainProcess/12568] **  pre_executing (hazard)
[2015-10-19 21:28:45,471 hazard job #47 - PROGRESS MainProcess/12568] **  initializing sites
[2015-10-19 21:28:45,555 hazard job #47 - PROGRESS MainProcess/12568] **  initializing site collection
[2015-10-19 21:28:45,571 hazard job #47 - PROGRESS MainProcess/12568] **  initializing sources
[2015-10-19 21:28:45,690 hazard job #47 - WARNING MainProcess/12568] Processing 12 slow sources...
[2015-10-19 21:28:45,713 hazard job #47 - INFO MainProcess/12568] Submitting task filter_and_split #1
[2015-10-19 21:28:45,740 hazard job #47 - INFO MainProcess/12568] Submitting task filter_and_split #2
[2015-10-19 21:28:45,748 hazard job #47 - INFO MainProcess/12568] Submitting task filter_and_split #3
[2015-10-19 21:28:45,755 hazard job #47 - INFO MainProcess/12568] Submitting task filter_and_split #4
[2015-10-19 21:28:45,764 hazard job #47 - INFO MainProcess/12568] Submitting task filter_and_split #5
[2015-10-19 21:28:45,772 hazard job #47 - INFO MainProcess/12568] Submitting task filter_and_split #6
[2015-10-19 21:28:45,780 hazard job #47 - INFO MainProcess/12568] Submitting task filter_and_split #7
[2015-10-19 21:28:45,789 hazard job #47 - INFO MainProcess/12568] Submitting task filter_and_split #8
[2015-10-19 21:28:45,797 hazard job #47 - INFO MainProcess/12568] Submitting task filter_and_split #9
[2015-10-19 21:28:45,805 hazard job #47 - INFO MainProcess/12568] Submitting task filter_and_split #10
[2015-10-19 21:28:45,814 hazard job #47 - INFO MainProcess/12568] Submitting task filter_and_split #11
[2015-10-19 21:28:45,822 hazard job #47 - INFO MainProcess/12568] Submitting task filter_and_split #12
[2015-10-19 21:28:45,830 hazard job #47 - INFO MainProcess/12568] Processing 3 fast sources...
[2015-10-19 21:28:47,178 hazard job #47 - INFO MainProcess/12568] Sent 73.05 KB of data
[2015-10-19 21:28:47,277 hazard job #47 - INFO MainProcess/12568] filter_and_split   8%
[2015-10-19 21:28:47,293 hazard job #47 - INFO MainProcess/12568] filter_and_split  16%
[2015-10-19 21:28:47,302 hazard job #47 - INFO MainProcess/12568] filter_and_split  25%
[2015-10-19 21:28:48,789 hazard job #47 - INFO MainProcess/12568] filter_and_split  33%
[2015-10-19 21:28:48,841 hazard job #47 - INFO MainProcess/12568] filter_and_split  41%
[2015-10-19 21:28:49,321 hazard job #47 - INFO MainProcess/12568] filter_and_split  50%
[2015-10-19 21:28:49,701 hazard job #47 - INFO MainProcess/12568] filter_and_split  58%
[2015-10-19 21:28:51,420 hazard job #47 - INFO MainProcess/12568] filter_and_split  66%
[2015-10-19 21:28:51,968 hazard job #47 - INFO MainProcess/12568] filter_and_split  75%
[2015-10-19 21:28:52,367 hazard job #47 - INFO MainProcess/12568] filter_and_split  83%
[2015-10-19 21:29:00,665 hazard job #47 - INFO MainProcess/12568] filter_and_split  91%
[2015-10-19 21:29:26,879 hazard job #47 - INFO MainProcess/12568] filter_and_split 100%
[2015-10-19 21:29:34,807 hazard job #47 - INFO MainProcess/12568] Received 1.74 GB of data
[2015-10-19 21:29:43,784 hazard job #47 - PROGRESS MainProcess/12568] **  executing (hazard)
[2015-10-19 21:29:45,536 hazard job #47 - CRITICAL MainProcess/12568] Traceback (most recent call last):
  File "/home/nick/src/python/GEM/oq-engine/openquake/engine/engine.py", line 218, in run_calc
    _do_run_calc(calculator, exports)
  File "/home/nick/src/python/GEM/oq-engine/openquake/engine/engine.py", line 257, in _do_run_calc
    result = calc.execute()
  File "/home/nick/src/python/GEM/oq-engine/openquake/engine/performance.py", line 34, in newmeth
    return method(self, *args)
  File "/home/nick/src/python/GEM/oq-engine/openquake/engine/calculators/hazard/general.py", line 114, in execute
    concurrent_tasks=self.concurrent_tasks)
  File "/home/nick/src/python/GEM/oq-risklib/openquake/commonlib/parallel.py", line 290, in apply_reduce
    acc = agg(acc, task_func(chunk, *args))
  File "/home/nick/src/python/GEM/oq-engine/openquake/engine/calculators/hazard/classical/core.py", line 246, in compute_hazard_curves
    hc.truncation_level, make_ctxt_mon, calc_poes_mon)):
  File "/home/nick/src/python/GEM/oq-engine/openquake/engine/calculators/hazard/classical/core.py", line 178, in _calc_pnes
    sctx, rctx, dctx, imt, levels, truncation_level)
  File "/home/nick/src/python/GEM/oq-hazardlib/openquake/hazardlib/gsim/base.py", line 362, in get_poes
    [const.StdDev.TOTAL])
  File "/home/nick/src/python/GEM/oq-hazardlib/openquake/hazardlib/gsim/youngs_1997.py", line 110, in get_mean_and_stddevs
    C = self.COEFFS_SOIL[imt]
  File "/home/nick/src/python/GEM/oq-hazardlib/openquake/hazardlib/gsim/base.py", line 1011, in __getitem__
    raise KeyError(imt)
KeyError: SA(period=0.05, damping=5.0)

[2015-10-19 21:45:48,038 hazard job #49 - PROGRESS MainProcess/13588] **  pre_executing (hazard)
[2015-10-19 21:45:48,146 hazard job #49 - PROGRESS MainProcess/13588] **  initializing sites
[2015-10-19 21:45:48,222 hazard job #49 - PROGRESS MainProcess/13588] **  initializing site collection
[2015-10-19 21:45:48,247 hazard job #49 - PROGRESS MainProcess/13588] **  initializing sources
[2015-10-19 21:45:48,365 hazard job #49 - WARNING MainProcess/13588] Processing 12 slow sources...
[2015-10-19 21:45:48,380 hazard job #49 - INFO MainProcess/13588] Submitting task filter_and_split #1
[2015-10-19 21:45:48,412 hazard job #49 - INFO MainProcess/13588] Submitting task filter_and_split #2
[2015-10-19 21:45:48,424 hazard job #49 - INFO MainProcess/13588] Submitting task filter_and_split #3
[2015-10-19 21:45:48,432 hazard job #49 - INFO MainProcess/13588] Submitting task filter_and_split #4
[2015-10-19 21:45:48,450 hazard job #49 - INFO MainProcess/13588] Submitting task filter_and_split #5
[2015-10-19 21:45:48,456 hazard job #49 - INFO MainProcess/13588] Submitting task filter_and_split #6
[2015-10-19 21:45:48,464 hazard job #49 - INFO MainProcess/13588] Submitting task filter_and_split #7
[2015-10-19 21:45:48,472 hazard job #49 - INFO MainProcess/13588] Submitting task filter_and_split #8
[2015-10-19 21:45:48,480 hazard job #49 - INFO MainProcess/13588] Submitting task filter_and_split #9
[2015-10-19 21:45:48,489 hazard job #49 - INFO MainProcess/13588] Submitting task filter_and_split #10
[2015-10-19 21:45:48,497 hazard job #49 - INFO MainProcess/13588] Submitting task filter_and_split #11
[2015-10-19 21:45:48,505 hazard job #49 - INFO MainProcess/13588] Submitting task filter_and_split #12
[2015-10-19 21:45:48,514 hazard job #49 - INFO MainProcess/13588] Processing 3 fast sources...
[2015-10-19 21:45:49,453 hazard job #49 - INFO MainProcess/13588] Sent 73.05 KB of data
[2015-10-19 21:45:49,479 hazard job #49 - INFO MainProcess/13588] filter_and_split   8%
[2015-10-19 21:45:49,524 hazard job #49 - INFO MainProcess/13588] filter_and_split  16%
[2015-10-19 21:45:49,951 hazard job #49 - INFO MainProcess/13588] filter_and_split  25%
[2015-10-19 21:45:51,098 hazard job #49 - INFO MainProcess/13588] filter_and_split  33%
[2015-10-19 21:45:51,281 hazard job #49 - INFO MainProcess/13588] filter_and_split  41%
[2015-10-19 21:45:52,199 hazard job #49 - INFO MainProcess/13588] filter_and_split  50%
[2015-10-19 21:45:52,458 hazard job #49 - INFO MainProcess/13588] filter_and_split  58%
[2015-10-19 21:45:54,315 hazard job #49 - INFO MainProcess/13588] filter_and_split  66%
[2015-10-19 21:45:55,158 hazard job #49 - INFO MainProcess/13588] filter_and_split  75%
[2015-10-19 21:45:55,173 hazard job #49 - INFO MainProcess/13588] filter_and_split  83%
[2015-10-19 21:46:08,404 hazard job #49 - INFO MainProcess/13588] filter_and_split  91%
[2015-10-19 21:46:37,344 hazard job #49 - INFO MainProcess/13588] filter_and_split 100%
[2015-10-19 21:46:40,241 hazard job #49 - INFO MainProcess/13588] Received 1.74 GB of data
[2015-10-19 21:46:48,344 hazard job #49 - PROGRESS MainProcess/13588] **  executing (hazard)
[2015-10-19 22:06:35,716 hazard job #49 - PROGRESS MainProcess/13588] **  post_executing (hazard)
[2015-10-19 22:06:35,825 hazard job #49 - PROGRESS MainProcess/13588] **  initializing realizations
[2015-10-19 22:06:35,928 hazard job #49 - INFO MainProcess/13588] Creating 8 realization(s) for model ../geology/MarmarisDangerousSources15_300km.xml, b11
[2015-10-19 22:06:36,810 hazard job #49 - INFO MainProcess/13588] saving 1 hazard curves for 234||hazard_curve||Hazard Curve rlz-41-PGA, imt=PGA
[2015-10-19 22:06:37,183 hazard job #49 - INFO MainProcess/13588] saving 1 hazard curves for 235||hazard_curve||Hazard Curve rlz-41-SA(0.075), imt=SA(0.075)
[2015-10-19 22:06:37,217 hazard job #49 - INFO MainProcess/13588] saving 1 hazard curves for 236||hazard_curve||Hazard Curve rlz-41-SA(0.1), imt=SA(0.1)
[2015-10-19 22:06:37,250 hazard job #49 - INFO MainProcess/13588] saving 1 hazard curves for 237||hazard_curve||Hazard Curve rlz-41-SA(0.2), imt=SA(0.2)
[2015-10-19 22:06:37,283 hazard job #49 - INFO MainProcess/13588] saving 1 hazard curves for 238||hazard_curve||Hazard Curve rlz-41-SA(0.3), imt=SA(0.3)
[2015-10-19 22:06:37,317 hazard job #49 - INFO MainProcess/13588] saving 1 hazard curves for 239||hazard_curve||Hazard Curve rlz-41-SA(0.5), imt=SA(0.5)
[2015-10-19 22:06:37,350 hazard job #49 - INFO MainProcess/13588] saving 1 hazard curves for 240||hazard_curve||Hazard Curve rlz-41-SA(0.75), imt=SA(0.75)
[2015-10-19 22:06:37,384 hazard job #49 - INFO MainProcess/13588] saving 1 hazard curves for 241||hazard_curve||Hazard Curve rlz-41-SA(1.0), imt=SA(1.0)
[2015-10-19 22:06:37,417 hazard job #49 - INFO MainProcess/13588] saving 1 hazard curves for 242||hazard_curve||Hazard Curve rlz-41-SA(1.5), imt=SA(1.5)
[2015-10-19 22:06:37,450 hazard job #49 - INFO MainProcess/13588] saving 1 hazard curves for 243||hazard_curve||Hazard Curve rlz-41-SA(2.0), imt=SA(2.0)
[2015-10-19 22:06:37,484 hazard job #49 - INFO MainProcess/13588] saving 1 hazard curves for 244||hazard_curve||Hazard Curve rlz-41-SA(3.0), imt=SA(3.0)
[2015-10-19 22:06:37,517 hazard job #49 - INFO MainProcess/13588] saving 1 hazard curves for 245||hazard_curve||Hazard Curve rlz-41-SA(4.0), imt=SA(4.0)
[2015-10-19 22:06:37,567 hazard job #49 - INFO MainProcess/13588] saving 1 hazard curves for 247||hazard_curve||Hazard Curve rlz-42-PGA, imt=PGA
[2015-10-19 22:06:37,600 hazard job #49 - INFO MainProcess/13588] saving 1 hazard curves for 248||hazard_curve||Hazard Curve rlz-42-SA(0.075), imt=SA(0.075)
[2015-10-19 22:06:37,634 hazard job #49 - INFO MainProcess/13588] saving 1 hazard curves for 249||hazard_curve||Hazard Curve rlz-42-SA(0.1), imt=SA(0.1)
[2015-10-19 22:06:37,667 hazard job #49 - INFO MainProcess/13588] saving 1 hazard curves for 250||hazard_curve||Hazard Curve rlz-42-SA(0.2), imt=SA(0.2)
[2015-10-19 22:06:37,700 hazard job #49 - INFO MainProcess/13588] saving 1 hazard curves for 251||hazard_curve||Hazard Curve rlz-42-SA(0.3), imt=SA(0.3)
[2015-10-19 22:06:37,734 hazard job #49 - INFO MainProcess/13588] saving 1 hazard curves for 252||hazard_curve||Hazard Curve rlz-42-SA(0.5), imt=SA(0.5)
[2015-10-19 22:06:37,767 hazard job #49 - INFO MainProcess/13588] saving 1 hazard curves for 253||hazard_curve||Hazard Curve rlz-42-SA(0.75), imt=SA(0.75)
[2015-10-19 22:06:37,800 hazard job #49 - INFO MainProcess/13588] saving 1 hazard curves for 254||hazard_curve||Hazard Curve rlz-42-SA(1.0), imt=SA(1.0)
[2015-10-19 22:06:37,834 hazard job #49 - INFO MainProcess/13588] saving 1 hazard curves for 255||hazard_curve||Hazard Curve rlz-42-SA(1.5), imt=SA(1.5)
[2015-10-19 22:06:37,867 hazard job #49 - INFO MainProcess/13588] saving 1 hazard curves for 256||hazard_curve||Hazard Curve rlz-42-SA(2.0), imt=SA(2.0)
[2015-10-19 22:06:37,901 hazard job #49 - INFO MainProcess/13588] saving 1 hazard curves for 257||hazard_curve||Hazard Curve rlz-42-SA(3.0), imt=SA(3.0)
[2015-10-19 22:06:37,976 hazard job #49 - INFO MainProcess/13588] saving 1 hazard curves for 258||hazard_curve||Hazard Curve rlz-42-SA(4.0), imt=SA(4.0)
[2015-10-19 22:06:38,026 hazard job #49 - INFO MainProcess/13588] saving 1 hazard curves for 260||hazard_curve||Hazard Curve rlz-43-PGA, imt=PGA
[2015-10-19 22:06:38,059 hazard job #49 - INFO MainProcess/13588] saving 1 hazard curves for 261||hazard_curve||Hazard Curve rlz-43-SA(0.075), imt=SA(0.075)
[2015-10-19 22:06:38,092 hazard job #49 - INFO MainProcess/13588] saving 1 hazard curves for 262||hazard_curve||Hazard Curve rlz-43-SA(0.1), imt=SA(0.1)
[2015-10-19 22:06:38,126 hazard job #49 - INFO MainProcess/13588] saving 1 hazard curves for 263||hazard_curve||Hazard Curve rlz-43-SA(0.2), imt=SA(0.2)
[2015-10-19 22:06:38,159 hazard job #49 - INFO MainProcess/13588] saving 1 hazard curves for 264||hazard_curve||Hazard Curve rlz-43-SA(0.3), imt=SA(0.3)
[2015-10-19 22:06:38,192 hazard job #49 - INFO MainProcess/13588] saving 1 hazard curves for 265||hazard_curve||Hazard Curve rlz-43-SA(0.5), imt=SA(0.5)
[2015-10-19 22:06:38,226 hazard job #49 - INFO MainProcess/13588] saving 1 hazard curves for 266||hazard_curve||Hazard Curve rlz-43-SA(0.75), imt=SA(0.75)
[2015-10-19 22:06:38,259 hazard job #49 - INFO MainProcess/13588] saving 1 hazard curves for 267||hazard_curve||Hazard Curve rlz-43-SA(1.0), imt=SA(1.0)
[2015-10-19 22:06:38,292 hazard job #49 - INFO MainProcess/13588] saving 1 hazard curves for 268||hazard_curve||Hazard Curve rlz-43-SA(1.5), imt=SA(1.5)
[2015-10-19 22:06:38,326 hazard job #49 - INFO MainProcess/13588] saving 1 hazard curves for 269||hazard_curve||Hazard Curve rlz-43-SA(2.0), imt=SA(2.0)
[2015-10-19 22:06:38,359 hazard job #49 - INFO MainProcess/13588] saving 1 hazard curves for 270||hazard_curve||Hazard Curve rlz-43-SA(3.0), imt=SA(3.0)
[2015-10-19 22:06:38,393 hazard job #49 - INFO MainProcess/13588] saving 1 hazard curves for 271||hazard_curve||Hazard Curve rlz-43-SA(4.0), imt=SA(4.0)
[2015-10-19 22:06:38,442 hazard job #49 - INFO MainProcess/13588] saving 1 hazard curves for 273||hazard_curve||Hazard Curve rlz-44-PGA, imt=PGA
[2015-10-19 22:06:38,476 hazard job #49 - INFO MainProcess/13588] saving 1 hazard curves for 274||hazard_curve||Hazard Curve rlz-44-SA(0.075), imt=SA(0.075)
[2015-10-19 22:06:38,509 hazard job #49 - INFO MainProcess/13588] saving 1 hazard curves for 275||hazard_curve||Hazard Curve rlz-44-SA(0.1), imt=SA(0.1)
[2015-10-19 22:06:38,542 hazard job #49 - INFO MainProcess/13588] saving 1 hazard curves for 276||hazard_curve||Hazard Curve rlz-44-SA(0.2), imt=SA(0.2)
[2015-10-19 22:06:38,576 hazard job #49 - INFO MainProcess/13588] saving 1 hazard curves for 277||hazard_curve||Hazard Curve rlz-44-SA(0.3), imt=SA(0.3)
[2015-10-19 22:06:38,609 hazard job #49 - INFO MainProcess/13588] saving 1 hazard curves for 278||hazard_curve||Hazard Curve rlz-44-SA(0.5), imt=SA(0.5)
[2015-10-19 22:06:38,643 hazard job #49 - INFO MainProcess/13588] saving 1 hazard curves for 279||hazard_curve||Hazard Curve rlz-44-SA(0.75), imt=SA(0.75)
[2015-10-19 22:06:38,676 hazard job #49 - INFO MainProcess/13588] saving 1 hazard curves for 280||hazard_curve||Hazard Curve rlz-44-SA(1.0), imt=SA(1.0)
[2015-10-19 22:06:38,709 hazard job #49 - INFO MainProcess/13588] saving 1 hazard curves for 281||hazard_curve||Hazard Curve rlz-44-SA(1.5), imt=SA(1.5)
[2015-10-19 22:06:38,743 hazard job #49 - INFO MainProcess/13588] saving 1 hazard curves for 282||hazard_curve||Hazard Curve rlz-44-SA(2.0), imt=SA(2.0)
[2015-10-19 22:06:38,776 hazard job #49 - INFO MainProcess/13588] saving 1 hazard curves for 283||hazard_curve||Hazard Curve rlz-44-SA(3.0), imt=SA(3.0)
[2015-10-19 22:06:38,809 hazard job #49 - INFO MainProcess/13588] saving 1 hazard curves for 284||hazard_curve||Hazard Curve rlz-44-SA(4.0), imt=SA(4.0)
[2015-10-19 22:06:38,859 hazard job #49 - INFO MainProcess/13588] saving 1 hazard curves for 286||hazard_curve||Hazard Curve rlz-45-PGA, imt=PGA
[2015-10-19 22:06:38,951 hazard job #49 - INFO MainProcess/13588] saving 1 hazard curves for 287||hazard_curve||Hazard Curve rlz-45-SA(0.075), imt=SA(0.075)
[2015-10-19 22:06:38,984 hazard job #49 - INFO MainProcess/13588] saving 1 hazard curves for 288||hazard_curve||Hazard Curve rlz-45-SA(0.1), imt=SA(0.1)
[2015-10-19 22:06:39,018 hazard job #49 - INFO MainProcess/13588] saving 1 hazard curves for 289||hazard_curve||Hazard Curve rlz-45-SA(0.2), imt=SA(0.2)
[2015-10-19 22:06:39,051 hazard job #49 - INFO MainProcess/13588] saving 1 hazard curves for 290||hazard_curve||Hazard Curve rlz-45-SA(0.3), imt=SA(0.3)
[2015-10-19 22:06:39,084 hazard job #49 - INFO MainProcess/13588] saving 1 hazard curves for 291||hazard_curve||Hazard Curve rlz-45-SA(0.5), imt=SA(0.5)
[2015-10-19 22:06:39,118 hazard job #49 - INFO MainProcess/13588] saving 1 hazard curves for 292||hazard_curve||Hazard Curve rlz-45-SA(0.75), imt=SA(0.75)
[2015-10-19 22:06:39,151 hazard job #49 - INFO MainProcess/13588] saving 1 hazard curves for 293||hazard_curve||Hazard Curve rlz-45-SA(1.0), imt=SA(1.0)
[2015-10-19 22:06:39,185 hazard job #49 - INFO MainProcess/13588] saving 1 hazard curves for 294||hazard_curve||Hazard Curve rlz-45-SA(1.5), imt=SA(1.5)
[2015-10-19 22:06:39,218 hazard job #49 - INFO MainProcess/13588] saving 1 hazard curves for 295||hazard_curve||Hazard Curve rlz-45-SA(2.0), imt=SA(2.0)
[2015-10-19 22:06:39,251 hazard job #49 - INFO MainProcess/13588] saving 1 hazard curves for 296||hazard_curve||Hazard Curve rlz-45-SA(3.0), imt=SA(3.0)
[2015-10-19 22:06:39,285 hazard job #49 - INFO MainProcess/13588] saving 1 hazard curves for 297||hazard_curve||Hazard Curve rlz-45-SA(4.0), imt=SA(4.0)
[2015-10-19 22:06:39,393 hazard job #49 - INFO MainProcess/13588] saving 1 hazard curves for 299||hazard_curve||Hazard Curve rlz-46-PGA, imt=PGA
[2015-10-19 22:06:39,426 hazard job #49 - INFO MainProcess/13588] saving 1 hazard curves for 300||hazard_curve||Hazard Curve rlz-46-SA(0.075), imt=SA(0.075)
[2015-10-19 22:06:39,460 hazard job #49 - INFO MainProcess/13588] saving 1 hazard curves for 301||hazard_curve||Hazard Curve rlz-46-SA(0.1), imt=SA(0.1)
[2015-10-19 22:06:39,493 hazard job #49 - INFO MainProcess/13588] saving 1 hazard curves for 302||hazard_curve||Hazard Curve rlz-46-SA(0.2), imt=SA(0.2)
[2015-10-19 22:06:39,526 hazard job #49 - INFO MainProcess/13588] saving 1 hazard curves for 303||hazard_curve||Hazard Curve rlz-46-SA(0.3), imt=SA(0.3)
[2015-10-19 22:06:39,560 hazard job #49 - INFO MainProcess/13588] saving 1 hazard curves for 304||hazard_curve||Hazard Curve rlz-46-SA(0.5), imt=SA(0.5)
[2015-10-19 22:06:39,593 hazard job #49 - INFO MainProcess/13588] saving 1 hazard curves for 305||hazard_curve||Hazard Curve rlz-46-SA(0.75), imt=SA(0.75)
[2015-10-19 22:06:39,677 hazard job #49 - INFO MainProcess/13588] saving 1 hazard curves for 306||hazard_curve||Hazard Curve rlz-46-SA(1.0), imt=SA(1.0)
[2015-10-19 22:06:39,710 hazard job #49 - INFO MainProcess/13588] saving 1 hazard curves for 307||hazard_curve||Hazard Curve rlz-46-SA(1.5), imt=SA(1.5)
[2015-10-19 22:06:39,743 hazard job #49 - INFO MainProcess/13588] saving 1 hazard curves for 308||hazard_curve||Hazard Curve rlz-46-SA(2.0), imt=SA(2.0)
[2015-10-19 22:06:39,818 hazard job #49 - INFO MainProcess/13588] saving 1 hazard curves for 309||hazard_curve||Hazard Curve rlz-46-SA(3.0), imt=SA(3.0)
[2015-10-19 22:06:39,851 hazard job #49 - INFO MainProcess/13588] saving 1 hazard curves for 310||hazard_curve||Hazard Curve rlz-46-SA(4.0), imt=SA(4.0)
[2015-10-19 22:06:39,902 hazard job #49 - INFO MainProcess/13588] saving 1 hazard curves for 312||hazard_curve||Hazard Curve rlz-47-PGA, imt=PGA
[2015-10-19 22:06:39,935 hazard job #49 - INFO MainProcess/13588] saving 1 hazard curves for 313||hazard_curve||Hazard Curve rlz-47-SA(0.075), imt=SA(0.075)
[2015-10-19 22:06:39,968 hazard job #49 - INFO MainProcess/13588] saving 1 hazard curves for 314||hazard_curve||Hazard Curve rlz-47-SA(0.1), imt=SA(0.1)
[2015-10-19 22:06:40,001 hazard job #49 - INFO MainProcess/13588] saving 1 hazard curves for 315||hazard_curve||Hazard Curve rlz-47-SA(0.2), imt=SA(0.2)
[2015-10-19 22:06:40,035 hazard job #49 - INFO MainProcess/13588] saving 1 hazard curves for 316||hazard_curve||Hazard Curve rlz-47-SA(0.3), imt=SA(0.3)
[2015-10-19 22:06:40,068 hazard job #49 - INFO MainProcess/13588] saving 1 hazard curves for 317||hazard_curve||Hazard Curve rlz-47-SA(0.5), imt=SA(0.5)
[2015-10-19 22:06:40,101 hazard job #49 - INFO MainProcess/13588] saving 1 hazard curves for 318||hazard_curve||Hazard Curve rlz-47-SA(0.75), imt=SA(0.75)
[2015-10-19 22:06:40,135 hazard job #49 - INFO MainProcess/13588] saving 1 hazard curves for 319||hazard_curve||Hazard Curve rlz-47-SA(1.0), imt=SA(1.0)
[2015-10-19 22:06:40,168 hazard job #49 - INFO MainProcess/13588] saving 1 hazard curves for 320||hazard_curve||Hazard Curve rlz-47-SA(1.5), imt=SA(1.5)
[2015-10-19 22:06:40,202 hazard job #49 - INFO MainProcess/13588] saving 1 hazard curves for 321||hazard_curve||Hazard Curve rlz-47-SA(2.0), imt=SA(2.0)
[2015-10-19 22:06:40,235 hazard job #49 - INFO MainProcess/13588] saving 1 hazard curves for 322||hazard_curve||Hazard Curve rlz-47-SA(3.0), imt=SA(3.0)
[2015-10-19 22:06:40,268 hazard job #49 - INFO MainProcess/13588] saving 1 hazard curves for 323||hazard_curve||Hazard Curve rlz-47-SA(4.0), imt=SA(4.0)
[2015-10-19 22:06:40,319 hazard job #49 - INFO MainProcess/13588] saving 1 hazard curves for 325||hazard_curve||Hazard Curve rlz-48-PGA, imt=PGA
[2015-10-19 22:06:40,352 hazard job #49 - INFO MainProcess/13588] saving 1 hazard curves for 326||hazard_curve||Hazard Curve rlz-48-SA(0.075), imt=SA(0.075)
[2015-10-19 22:06:40,385 hazard job #49 - INFO MainProcess/13588] saving 1 hazard curves for 327||hazard_curve||Hazard Curve rlz-48-SA(0.1), imt=SA(0.1)
[2015-10-19 22:06:40,418 hazard job #49 - INFO MainProcess/13588] saving 1 hazard curves for 328||hazard_curve||Hazard Curve rlz-48-SA(0.2), imt=SA(0.2)
[2015-10-19 22:06:40,452 hazard job #49 - INFO MainProcess/13588] saving 1 hazard curves for 329||hazard_curve||Hazard Curve rlz-48-SA(0.3), imt=SA(0.3)
[2015-10-19 22:06:40,485 hazard job #49 - INFO MainProcess/13588] saving 1 hazard curves for 330||hazard_curve||Hazard Curve rlz-48-SA(0.5), imt=SA(0.5)
[2015-10-19 22:06:40,577 hazard job #49 - INFO MainProcess/13588] saving 1 hazard curves for 331||hazard_curve||Hazard Curve rlz-48-SA(0.75), imt=SA(0.75)
[2015-10-19 22:06:40,610 hazard job #49 - INFO MainProcess/13588] saving 1 hazard curves for 332||hazard_curve||Hazard Curve rlz-48-SA(1.0), imt=SA(1.0)
[2015-10-19 22:06:40,644 hazard job #49 - INFO MainProcess/13588] saving 1 hazard curves for 333||hazard_curve||Hazard Curve rlz-48-SA(1.5), imt=SA(1.5)
[2015-10-19 22:06:40,719 hazard job #49 - INFO MainProcess/13588] saving 1 hazard curves for 334||hazard_curve||Hazard Curve rlz-48-SA(2.0), imt=SA(2.0)
[2015-10-19 22:06:40,752 hazard job #49 - INFO MainProcess/13588] saving 1 hazard curves for 335||hazard_curve||Hazard Curve rlz-48-SA(3.0), imt=SA(3.0)
[2015-10-19 22:06:40,785 hazard job #49 - INFO MainProcess/13588] saving 1 hazard curves for 336||hazard_curve||Hazard Curve rlz-48-SA(4.0), imt=SA(4.0)
[2015-10-19 22:06:40,819 hazard job #49 - PROGRESS MainProcess/13588] **  post_processing (hazard)
[2015-10-19 22:06:51,890 hazard job #49 - PROGRESS MainProcess/13588] **  export (hazard)
[2015-10-19 22:06:51,923 hazard job #49 - PROGRESS MainProcess/13588] **  clean_up (hazard)
[2015-10-19 22:06:51,940 hazard job #49 - PROGRESS MainProcess/13588] **  complete (hazard)
